
    ============================================================
    🏥 I-Translation API Server
    ============================================================
    Author: Atantra Das Gupta
    Credits: Created with the help of Scispace
    
    Server running on: http://0.0.0.0:5000
    
    Features:
    ✓ DICOM to PNG conversion
    ✓ CT → MRI transformation
    ✓ MRI → CT transformation
    ✓ Metadata extraction
    
    Ready to accept requests!
    ============================================================
    
 * Serving Flask app 'app'
 * Debug mode: off
[31m[1mWARNING: This is a development server. Do not use it in a production deployment. Use a production WSGI server instead.[0m
 * Running on all addresses (0.0.0.0)
 * Running on http://127.0.0.1:5000
 * Running on http://172.20.0.38:5000
[33mPress CTRL+C to quit[0m
127.0.0.1 - - [27/Feb/2026 18:24:39] "GET /health HTTP/1.1" 200 -
